# JRE version: Java(TM) SE Runtime Environment (8.0_31-b13) (build 1.8.0_31-b13)
# Java VM: Java HotSpot(TM) 64-Bit Server VM (25.31-b07 mixed mode linux-amd64 compressed oops)
Heap:
 PSYoungGen      total 456192K, used 88733K [0x00000000e3a00000, 0x0000000100000000, 0x0000000100000000)
  eden space 447488K, 19% used [0x00000000e3a00000,0x00000000e8e943a8,0x00000000fef00000)
  from space 8704K, 24% used [0x00000000fef00000,0x00000000ff113370,0x00000000ff780000)
  to   space 8704K, 0% used [0x00000000ff780000,0x00000000ff780000,0x0000000100000000)
 ParOldGen       total 100864K, used 77745K [0x00000000aae00000, 0x00000000b1080000, 0x00000000e3a00000)
  object space 100864K, 77% used [0x00000000aae00000,0x00000000af9ec5d8,0x00000000b1080000)
 Metaspace       used 18379K, capacity 18545K, committed 18816K, reserved 1067008K
  class space    used 1795K, capacity 1859K, committed 1920K, reserved 1048576K
GC Heap History (10 events):
Event: 37.130 GC heap before
{Heap before GC invocations=30 (full 1):
 PSYoungGen      total 455680K, used 449103K [0x00000000e3a00000, 0x0000000100000000, 0x0000000100000000)
  eden space 446464K, 100% used [0x00000000e3a00000,0x00000000fee00000,0x00000000fee00000)
  from space 9216K, 28% used [0x00000000ff700000,0x00000000ff993ce0,0x0000000100000000)
  to   space 9216K, 0% used [0x00000000fee00000,0x00000000fee00000,0x00000000ff700000)
 ParOldGen       total 100864K, used 68683K [0x00000000aae00000, 0x00000000b1080000, 0x00000000e3a00000)
  object space 100864K, 68% used [0x00000000aae00000,0x00000000af112d48,0x00000000b1080000)
 Metaspace       used 17842K, capacity 17963K, committed 18304K, reserved 1064960K
  class space    used 1759K, capacity 1794K, committed 1920K, reserved 1048576K
Event: 37.143 GC heap after
Heap after GC invocations=30 (full 1):
 PSYoungGen      total 451584K, used 4827K [0x00000000e3a00000, 0x00000000fff00000, 0x0000000100000000)
  eden space 446464K, 0% used [0x00000000e3a00000,0x00000000e3a00000,0x00000000fee00000)
  from space 5120K, 94% used [0x00000000fee00000,0x00000000ff2b6ec0,0x00000000ff300000)
  to   space 8704K, 0% used [0x00000000ff680000,0x00000000ff680000,0x00000000fff00000)
 ParOldGen       total 100864K, used 70498K [0x00000000aae00000, 0x00000000b1080000, 0x00000000e3a00000)
  object space 100864K, 69% used [0x00000000aae00000,0x00000000af2d8a18,0x00000000b1080000)
 Metaspace       used 17842K, capacity 17963K, committed 18304K, reserved 1064960K
  class space    used 1759K, capacity 1794K, committed 1920K, reserved 1048576K
}
Event: 38.115 GC heap before
{Heap before GC invocations=31 (full 1):
 PSYoungGen      total 451584K, used 451291K [0x00000000e3a00000, 0x00000000fff00000, 0x0000000100000000)
  eden space 446464K, 100% used [0x00000000e3a00000,0x00000000fee00000,0x00000000fee00000)
  from space 5120K, 94% used [0x00000000fee00000,0x00000000ff2b6ec0,0x00000000ff300000)
  to   space 8704K, 0% used [0x00000000ff680000,0x00000000ff680000,0x00000000fff00000)
 ParOldGen       total 100864K, used 70498K [0x00000000aae00000, 0x00000000b1080000, 0x00000000e3a00000)
  object space 100864K, 69% used [0x00000000aae00000,0x00000000af2d8a18,0x00000000b1080000)
 Metaspace       used 17842K, capacity 17963K, committed 18304K, reserved 1064960K
  class space    used 1759K, capacity 1794K, committed 1920K, reserved 1048576K
Event: 38.126 GC heap after
Heap after GC invocations=31 (full 1):
 PSYoungGen      total 455168K, used 3240K [0x00000000e3a00000, 0x0000000100000000, 0x0000000100000000)
  eden space 446464K, 0% used [0x00000000e3a00000,0x00000000e3a00000,0x00000000fee00000)
  from space 8704K, 37% used [0x00000000ff680000,0x00000000ff9aa178,0x00000000fff00000)
  to   space 8704K, 0% used [0x00000000fee00000,0x00000000fee00000,0x00000000ff680000)
 ParOldGen       total 100864K, used 72254K [0x00000000aae00000, 0x00000000b1080000, 0x00000000e3a00000)
  object space 100864K, 71% used [0x00000000aae00000,0x00000000af48f8c8,0x00000000b1080000)
 Metaspace       used 17842K, capacity 17963K, committed 18304K, reserved 1064960K
  class space    used 1759K, capacity 1794K, committed 1920K, reserved 1048576K
}
Event: 39.061 GC heap before
{Heap before GC invocations=32 (full 1):
 PSYoungGen      total 455168K, used 449704K [0x00000000e3a00000, 0x0000000100000000, 0x0000000100000000)
  eden space 446464K, 100% used [0x00000000e3a00000,0x00000000fee00000,0x00000000fee00000)
  from space 8704K, 37% used [0x00000000ff680000,0x00000000ff9aa178,0x00000000fff00000)
  to   space 8704K, 0% used [0x00000000fee00000,0x00000000fee00000,0x00000000ff680000)
 ParOldGen       total 100864K, used 72254K [0x00000000aae00000, 0x00000000b1080000, 0x00000000e3a00000)
  object space 100864K, 71% used [0x00000000aae00000,0x00000000af48f8c8,0x00000000b1080000)
 Metaspace       used 17842K, capacity 17963K, committed 18304K, reserved 1064960K
  class space    used 1759K, capacity 1794K, committed 1920K, reserved 1048576K
Event: 39.085 GC heap after
Heap after GC invocations=32 (full 1):
 PSYoungGen      total 455168K, used 5856K [0x00000000e3a00000, 0x0000000100000000, 0x0000000100000000)
  eden space 446464K, 0% used [0x00000000e3a00000,0x00000000e3a00000,0x00000000fee00000)
  from space 8704K, 67% used [0x00000000fee00000,0x00000000ff3b81b8,0x00000000ff680000)
  to   space 8704K, 0% used [0x00000000ff780000,0x00000000ff780000,0x0000000100000000)
 ParOldGen       total 100864K, used 73987K [0x00000000aae00000, 0x00000000b1080000, 0x00000000e3a00000)
  object space 100864K, 73% used [0x00000000aae00000,0x00000000af640c28,0x00000000b1080000)
 Metaspace       used 17842K, capacity 17963K, committed 18304K, reserved 1064960K
  class space    used 1759K, capacity 1794K, committed 1920K, reserved 1048576K
}
Event: 40.033 GC heap before
{Heap before GC invocations=33 (full 1):
 PSYoungGen      total 455168K, used 452320K [0x00000000e3a00000, 0x0000000100000000, 0x0000000100000000)
  eden space 446464K, 100% used [0x00000000e3a00000,0x00000000fee00000,0x00000000fee00000)
  from space 8704K, 67% used [0x00000000fee00000,0x00000000ff3b81b8,0x00000000ff680000)
  to   space 8704K, 0% used [0x00000000ff780000,0x00000000ff780000,0x0000000100000000)
 ParOldGen       total 100864K, used 73987K [0x00000000aae00000, 0x00000000b1080000, 0x00000000e3a00000)
  object space 100864K, 73% used [0x00000000aae00000,0x00000000af640c28,0x00000000b1080000)
 Metaspace       used 17842K, capacity 17963K, committed 18304K, reserved 1064960K
  class space    used 1759K, capacity 1794K, committed 1920K, reserved 1048576K
Event: 40.045 GC heap after
Heap after GC invocations=33 (full 1):
 PSYoungGen      total 456192K, used 3970K [0x00000000e3a00000, 0x0000000100000000, 0x0000000100000000)
  eden space 447488K, 0% used [0x00000000e3a00000,0x00000000e3a00000,0x00000000fef00000)
  from space 8704K, 45% used [0x00000000ff780000,0x00000000ffb60b00,0x0000000100000000)
  to   space 8704K, 0% used [0x00000000fef00000,0x00000000fef00000,0x00000000ff780000)
 ParOldGen       total 100864K, used 75734K [0x00000000aae00000, 0x00000000b1080000, 0x00000000e3a00000)
  object space 100864K, 75% used [0x00000000aae00000,0x00000000af7f5ad8,0x00000000b1080000)
 Metaspace       used 17842K, capacity 17963K, committed 18304K, reserved 1064960K
  class space    used 1759K, capacity 1794K, committed 1920K, reserved 1048576K
}
Event: 52.861 GC heap before
{Heap before GC invocations=34 (full 1):
 PSYoungGen      total 456192K, used 451458K [0x00000000e3a00000, 0x0000000100000000, 0x0000000100000000)
  eden space 447488K, 100% used [0x00000000e3a00000,0x00000000fef00000,0x00000000fef00000)
  from space 8704K, 45% used [0x00000000ff780000,0x00000000ffb60b00,0x0000000100000000)
  to   space 8704K, 0% used [0x00000000fef00000,0x00000000fef00000,0x00000000ff780000)
 ParOldGen       total 100864K, used 75734K [0x00000000aae00000, 0x00000000b1080000, 0x00000000e3a00000)
  object space 100864K, 75% used [0x00000000aae00000,0x00000000af7f5ad8,0x00000000b1080000)
 Metaspace       used 18165K, capacity 18321K, committed 18560K, reserved 1067008K
  class space    used 1788K, capacity 1827K, committed 1920K, reserved 1048576K
Event: 52.867 GC heap after
Heap after GC invocations=34 (full 1):
 PSYoungGen      total 456192K, used 2124K [0x00000000e3a00000, 0x0000000100000000, 0x0000000100000000)
  eden space 447488K, 0% used [0x00000000e3a00000,0x00000000e3a00000,0x00000000fef00000)
  from space 8704K, 24% used [0x00000000fef00000,0x00000000ff113370,0x00000000ff780000)
  to   space 8704K, 0% used [0x00000000ff780000,0x00000000ff780000,0x0000000100000000)
 ParOldGen       total 100864K, used 77745K [0x00000000aae00000, 0x00000000b1080000, 0x00000000e3a00000)
  object space 100864K, 77% used [0x00000000aae00000,0x00000000af9ec5d8,0x00000000b1080000)
 Metaspace       used 18165K, capacity 18321K, committed 18560K, reserved 1067008K
  class space    used 1788K, capacity 1827K, committed 1920K, reserved 1048576K
}

