# JRE version: Java(TM) SE Runtime Environment (8.0_25-b17) (build 1.8.0_25-b17)
# Java VM: Java HotSpot(TM) 64-Bit Server VM (25.25-b02 mixed mode linux-amd64 compressed oops)
Heap:
 PSYoungGen      total 407040K, used 355657K [0x00000000e3a00000, 0x00000000ff300000, 0x0000000100000000)
  eden space 404992K, 87% used [0x00000000e3a00000,0x00000000f935b1f8,0x00000000fc580000)
  from space 2048K, 98% used [0x00000000ff100000,0x00000000ff2f7450,0x00000000ff300000)
  to   space 6144K, 0% used [0x00000000fe700000,0x00000000fe700000,0x00000000fed00000)
 ParOldGen       total 58880K, used 47157K [0x00000000aae00000, 0x00000000ae780000, 0x00000000e3a00000)
  object space 58880K, 80% used [0x00000000aae00000,0x00000000adc0d530,0x00000000ae780000)
 Metaspace       used 16385K, capacity 16601K, committed 16896K, reserved 1064960K
  class space    used 1655K, capacity 1727K, committed 1792K, reserved 1048576K
GC Heap History (10 events):
Event: 32.212 GC heap before
{Heap before GC invocations=28 (full 0):
 PSYoungGen      total 457728K, used 453471K [0x00000000e3a00000, 0x0000000100000000, 0x0000000100000000)
  eden space 451072K, 100% used [0x00000000e3a00000,0x00000000ff280000,0x00000000ff280000)
  from space 6656K, 36% used [0x00000000ff280000,0x00000000ff4d7cd0,0x00000000ff900000)
  to   space 6656K, 0% used [0x00000000ff980000,0x00000000ff980000,0x0000000100000000)
 ParOldGen       total 58880K, used 38719K [0x00000000aae00000, 0x00000000ae780000, 0x00000000e3a00000)
  object space 58880K, 65% used [0x00000000aae00000,0x00000000ad3cfec0,0x00000000ae780000)
 Metaspace       used 15888K, capacity 15993K, committed 16256K, reserved 1064960K
  class space    used 1594K, capacity 1631K, committed 1664K, reserved 1048576K
Event: 32.220 GC heap after
Heap after GC invocations=28 (full 0):
 PSYoungGen      total 432128K, used 2162K [0x00000000e3a00000, 0x00000000ffc00000, 0x0000000100000000)
  eden space 429568K, 0% used [0x00000000e3a00000,0x00000000e3a00000,0x00000000fdd80000)
  from space 2560K, 84% used [0x00000000ff980000,0x00000000ffb9cb00,0x00000000ffc00000)
  to   space 6656K, 0% used [0x00000000fef00000,0x00000000fef00000,0x00000000ff580000)
 ParOldGen       total 58880K, used 40542K [0x00000000aae00000, 0x00000000ae780000, 0x00000000e3a00000)
  object space 58880K, 68% used [0x00000000aae00000,0x00000000ad597b90,0x00000000ae780000)
 Metaspace       used 15888K, capacity 15993K, committed 16256K, reserved 1064960K
  class space    used 1594K, capacity 1631K, committed 1664K, reserved 1048576K
}
Event: 33.087 GC heap before
{Heap before GC invocations=29 (full 0):
 PSYoungGen      total 432128K, used 431730K [0x00000000e3a00000, 0x00000000ffc00000, 0x0000000100000000)
  eden space 429568K, 100% used [0x00000000e3a00000,0x00000000fdd80000,0x00000000fdd80000)
  from space 2560K, 84% used [0x00000000ff980000,0x00000000ffb9cb00,0x00000000ffc00000)
  to   space 6656K, 0% used [0x00000000fef00000,0x00000000fef00000,0x00000000ff580000)
 ParOldGen       total 58880K, used 40542K [0x00000000aae00000, 0x00000000ae780000, 0x00000000e3a00000)
  object space 58880K, 68% used [0x00000000aae00000,0x00000000ad597b90,0x00000000ae780000)
 Metaspace       used 15892K, capacity 15993K, committed 16256K, reserved 1064960K
  class space    used 1594K, capacity 1631K, committed 1664K, reserved 1048576K
Event: 33.097 GC heap after
Heap after GC invocations=29 (full 0):
 PSYoungGen      total 413184K, used 3219K [0x00000000e3a00000, 0x00000000ffa00000, 0x0000000100000000)
  eden space 409600K, 0% used [0x00000000e3a00000,0x00000000e3a00000,0x00000000fca00000)
  from space 3584K, 89% used [0x00000000fef00000,0x00000000ff224fa0,0x00000000ff280000)
  to   space 6656K, 0% used [0x00000000ff380000,0x00000000ff380000,0x00000000ffa00000)
 ParOldGen       total 58880K, used 42253K [0x00000000aae00000, 0x00000000ae780000, 0x00000000e3a00000)
  object space 58880K, 71% used [0x00000000aae00000,0x00000000ad743418,0x00000000ae780000)
 Metaspace       used 15892K, capacity 15993K, committed 16256K, reserved 1064960K
  class space    used 1594K, capacity 1631K, committed 1664K, reserved 1048576K
}
Event: 34.025 GC heap before
{Heap before GC invocations=30 (full 0):
 PSYoungGen      total 413184K, used 412819K [0x00000000e3a00000, 0x00000000ffa00000, 0x0000000100000000)
  eden space 409600K, 100% used [0x00000000e3a00000,0x00000000fca00000,0x00000000fca00000)
  from space 3584K, 89% used [0x00000000fef00000,0x00000000ff224fa0,0x00000000ff280000)
  to   space 6656K, 0% used [0x00000000ff380000,0x00000000ff380000,0x00000000ffa00000)
 ParOldGen       total 58880K, used 42253K [0x00000000aae00000, 0x00000000ae780000, 0x00000000e3a00000)
  object space 58880K, 71% used [0x00000000aae00000,0x00000000ad743418,0x00000000ae780000)
 Metaspace       used 15892K, capacity 15993K, committed 16256K, reserved 1064960K
  class space    used 1594K, capacity 1631K, committed 1664K, reserved 1048576K
Event: 34.036 GC heap after
Heap after GC invocations=30 (full 0):
 PSYoungGen      total 452608K, used 4056K [0x00000000e3a00000, 0x0000000100000000, 0x0000000100000000)
  eden space 445952K, 0% used [0x00000000e3a00000,0x00000000e3a00000,0x00000000fed80000)
  from space 6656K, 60% used [0x00000000ff380000,0x00000000ff7761d8,0x00000000ffa00000)
  to   space 6144K, 0% used [0x00000000fed80000,0x00000000fed80000,0x00000000ff380000)
 ParOldGen       total 58880K, used 43896K [0x00000000aae00000, 0x00000000ae780000, 0x00000000e3a00000)
  object space 58880K, 74% used [0x00000000aae00000,0x00000000ad8de3b8,0x00000000ae780000)
 Metaspace       used 15892K, capacity 15993K, committed 16256K, reserved 1064960K
  class space    used 1594K, capacity 1631K, committed 1664K, reserved 1048576K
}
Event: 35.565 GC heap before
{Heap before GC invocations=31 (full 0):
 PSYoungGen      total 452608K, used 450008K [0x00000000e3a00000, 0x0000000100000000, 0x0000000100000000)
  eden space 445952K, 100% used [0x00000000e3a00000,0x00000000fed80000,0x00000000fed80000)
  from space 6656K, 60% used [0x00000000ff380000,0x00000000ff7761d8,0x00000000ffa00000)
  to   space 6144K, 0% used [0x00000000fed80000,0x00000000fed80000,0x00000000ff380000)
 ParOldGen       total 58880K, used 43896K [0x00000000aae00000, 0x00000000ae780000, 0x00000000e3a00000)
  object space 58880K, 74% used [0x00000000aae00000,0x00000000ad8de3b8,0x00000000ae780000)
 Metaspace       used 15892K, capacity 15993K, committed 16256K, reserved 1064960K
  class space    used 1594K, capacity 1631K, committed 1664K, reserved 1048576K
Event: 35.576 GC heap after
Heap after GC invocations=31 (full 0):
 PSYoungGen      total 428544K, used 3187K [0x00000000e3a00000, 0x00000000ff400000, 0x0000000100000000)
  eden space 424960K, 0% used [0x00000000e3a00000,0x00000000e3a00000,0x00000000fd900000)
  from space 3584K, 88% used [0x00000000fed80000,0x00000000ff09cfa0,0x00000000ff100000)
  to   space 3072K, 0% used [0x00000000ff100000,0x00000000ff100000,0x00000000ff400000)
 ParOldGen       total 58880K, used 45513K [0x00000000aae00000, 0x00000000ae780000, 0x00000000e3a00000)
  object space 58880K, 77% used [0x00000000aae00000,0x00000000ada72590,0x00000000ae780000)
 Metaspace       used 15892K, capacity 15993K, committed 16256K, reserved 1064960K
  class space    used 1594K, capacity 1631K, committed 1664K, reserved 1048576K
}
Event: 36.641 GC heap before
{Heap before GC invocations=32 (full 0):
 PSYoungGen      total 428544K, used 428147K [0x00000000e3a00000, 0x00000000ff400000, 0x0000000100000000)
  eden space 424960K, 100% used [0x00000000e3a00000,0x00000000fd900000,0x00000000fd900000)
  from space 3584K, 88% used [0x00000000fed80000,0x00000000ff09cfa0,0x00000000ff100000)
  to   space 3072K, 0% used [0x00000000ff100000,0x00000000ff100000,0x00000000ff400000)
 ParOldGen       total 58880K, used 45513K [0x00000000aae00000, 0x00000000ae780000, 0x00000000e3a00000)
  object space 58880K, 77% used [0x00000000aae00000,0x00000000ada72590,0x00000000ae780000)
 Metaspace       used 15892K, capacity 15993K, committed 16256K, reserved 1064960K
  class space    used 1594K, capacity 1631K, committed 1664K, reserved 1048576K
Event: 36.649 GC heap after
Heap after GC invocations=32 (full 0):
 PSYoungGen      total 407040K, used 2013K [0x00000000e3a00000, 0x00000000ff300000, 0x0000000100000000)
  eden space 404992K, 0% used [0x00000000e3a00000,0x00000000e3a00000,0x00000000fc580000)
  from space 2048K, 98% used [0x00000000ff100000,0x00000000ff2f7450,0x00000000ff300000)
  to   space 6144K, 0% used [0x00000000fe700000,0x00000000fe700000,0x00000000fed00000)
 ParOldGen       total 58880K, used 47157K [0x00000000aae00000, 0x00000000ae780000, 0x00000000e3a00000)
  object space 58880K, 80% used [0x00000000aae00000,0x00000000adc0d530,0x00000000ae780000)
 Metaspace       used 15892K, capacity 15993K, committed 16256K, reserved 1064960K
  class space    used 1594K, capacity 1631K, committed 1664K, reserved 1048576K
}

